Using pre-set license
Built from '2021.3/staging' branch; Version is '2021.3.6f1 (7da38d85baf6) revision 8233869'; Using compiler version '192829333'; Build Type 'Release'
OS: 'Windows 11  (10.0.22000) 64bit Core' Language: 'zh' Physical Memory: 7976 MB
BatchMode: 1, IsHumanControllingUs: 0, StartBugReporterOnCrash: 0, Is64bit: 1, IsPro: 1

COMMAND LINE ARGUMENTS:
C:\Program Files\Unity\Hub\Editor\2021.3.6f1\Editor\Unity.exe
-adb2
-batchMode
-noUpm
-name
AssetImportWorker2
-projectPath
E:/Unity procjet/-111-1-Thursday-HorrorGame/111-1-109051061-HorrorGame
-logFile
Logs/AssetImportWorker2.log
-srvPort
4434
Successfully changed project path to: E:/Unity procjet/-111-1-Thursday-HorrorGame/111-1-109051061-HorrorGame
E:/Unity procjet/-111-1-Thursday-HorrorGame/111-1-109051061-HorrorGame
[UnityMemory] Configuration Parameters - Can be set up in boot.config
    "memorysetup-bucket-allocator-granularity=16"
    "memorysetup-bucket-allocator-bucket-count=8"
    "memorysetup-bucket-allocator-block-size=33554432"
    "memorysetup-bucket-allocator-block-count=8"
    "memorysetup-main-allocator-block-size=16777216"
    "memorysetup-thread-allocator-block-size=16777216"
    "memorysetup-gfx-main-allocator-block-size=16777216"
    "memorysetup-gfx-thread-allocator-block-size=16777216"
    "memorysetup-cache-allocator-block-size=4194304"
    "memorysetup-typetree-allocator-block-size=2097152"
    "memorysetup-profiler-bucket-allocator-granularity=16"
    "memorysetup-profiler-bucket-allocator-bucket-count=8"
    "memorysetup-profiler-bucket-allocator-block-size=33554432"
    "memorysetup-profiler-bucket-allocator-block-count=8"
    "memorysetup-profiler-allocator-block-size=16777216"
    "memorysetup-profiler-editor-allocator-block-size=1048576"
    "memorysetup-temp-allocator-size-main=16777216"
    "memorysetup-job-temp-allocator-block-size=2097152"
    "memorysetup-job-temp-allocator-block-size-background=1048576"
    "memorysetup-job-temp-allocator-reduction-small-platforms=262144"
    "memorysetup-temp-allocator-size-background-worker=32768"
    "memorysetup-temp-allocator-size-job-worker=262144"
    "memorysetup-temp-allocator-size-preload-manager=33554432"
    "memorysetup-temp-allocator-size-nav-mesh-worker=65536"
    "memorysetup-temp-allocator-size-audio-worker=65536"
    "memorysetup-temp-allocator-size-cloud-worker=32768"
    "memorysetup-temp-allocator-size-gi-baking-worker=262144"
    "memorysetup-temp-allocator-size-gfx=262144"
Refreshing native plugins compatible for Editor in 96.95 ms, found 3 plugins.
Preloading 0 native plugins for Editor in 0.00 ms.
Initialize engine version: 2021.3.6f1 (7da38d85baf6)
[Subsystems] Discovering subsystems at path C:/Program Files/Unity/Hub/Editor/2021.3.6f1/Editor/Data/Resources/UnitySubsystems
[Subsystems] Discovering subsystems at path E:/Unity procjet/-111-1-Thursday-HorrorGame/111-1-109051061-HorrorGame/Assets
GfxDevice: creating device client; threaded=0; jobified=0
Direct3D:
    Version:  Direct3D 11.0 [level 11.1]
    Renderer: NVIDIA GeForce RTX 2060 (ID=0x1f15)
    Vendor:   NVIDIA
    VRAM:     5980 MB
    Driver:   30.0.15.1278
Initialize mono
Mono path[0] = 'C:/Program Files/Unity/Hub/Editor/2021.3.6f1/Editor/Data/Managed'
Mono path[1] = 'C:/Program Files/Unity/Hub/Editor/2021.3.6f1/Editor/Data/MonoBleedingEdge/lib/mono/unityjit-win32'
Mono config path = 'C:/Program Files/Unity/Hub/Editor/2021.3.6f1/Editor/Data/MonoBleedingEdge/etc'
Using monoOptions --debugger-agent=transport=dt_socket,embedding=1,server=y,suspend=n,address=127.0.0.1:56804
Begin MonoManager ReloadAssembly
Registering precompiled unity dll's ...
Register platform support module: C:/Program Files/Unity/Hub/Editor/2021.3.6f1/Editor/Data/PlaybackEngines/WebGLSupport/UnityEditor.WebGL.Extensions.dll
Register platform support module: C:/Program Files/Unity/Hub/Editor/2021.3.6f1/Editor/Data/PlaybackEngines/AndroidPlayer/UnityEditor.Android.Extensions.dll
Register platform support module: C:/Program Files/Unity/Hub/Editor/2021.3.6f1/Editor/Data/PlaybackEngines/WindowsStandaloneSupport/UnityEditor.WindowsStandalone.Extensions.dll
Registered in 0.005854 seconds.
Native extension for WindowsStandalone target not found
Native extension for Android target not found
Native extension for WebGL target not found
Refreshing native plugins compatible for Editor in 89.02 ms, found 3 plugins.
Preloading 0 native plugins for Editor in 0.00 ms.
Mono: successfully reloaded assembly
- Completed reload, in  0.644 seconds
Domain Reload Profiling:
	ReloadAssembly (645ms)
		BeginReloadAssembly (75ms)
			ExecutionOrderSort (0ms)
			DisableScriptedObjects (0ms)
			BackupInstance (0ms)
			ReleaseScriptingObjects (0ms)
			CreateAndSetChildDomain (1ms)
		EndReloadAssembly (462ms)
			LoadAssemblies (73ms)
			RebuildTransferFunctionScriptingTraits (0ms)
			SetupTypeCache (104ms)
			ReleaseScriptCaches (0ms)
			RebuildScriptCaches (29ms)
			SetupLoadedEditorAssemblies (281ms)
				LogAssemblyErrors (0ms)
				InitializePlatformSupportModulesInManaged (53ms)
				SetLoadedEditorAssemblies (1ms)
				RefreshPlugins (89ms)
				BeforeProcessingInitializeOnLoad (1ms)
				ProcessInitializeOnLoadAttributes (92ms)
				ProcessInitializeOnLoadMethodAttributes (43ms)
				AfterProcessingInitializeOnLoad (0ms)
				EditorAssembliesLoaded (0ms)
			ExecutionOrderSort2 (0ms)
			AwakeInstancesAfterBackupRestoration (0ms)
Platform modules already initialized, skipping
Registering precompiled user dll's ...
Registered in 0.004837 seconds.
Begin MonoManager ReloadAssembly
Symbol file LoadedFromMemory doesn't match image E:\Unity procjet\-111-1-Thursday-HorrorGame\111-1-109051061-HorrorGame\Library\PackageCache\com.unity.visualscripting@1.7.8\Editor\VisualScripting.Core\Dependencies\YamlDotNet\Unity.VisualScripting.YamlDotNet.dll
Symbol file LoadedFromMemory doesn't match image E:\Unity procjet\-111-1-Thursday-HorrorGame\111-1-109051061-HorrorGame\Library\PackageCache\com.unity.visualscripting@1.7.8\Editor\VisualScripting.Core\Dependencies\DotNetZip\Unity.VisualScripting.IonicZip.dll
Native extension for WindowsStandalone target not found
Native extension for Android target not found
Native extension for WebGL target not found
Refreshing native plugins compatible for Editor in 96.23 ms, found 3 plugins.
Preloading 0 native plugins for Editor in 0.00 ms.
Mono: successfully reloaded assembly
- Completed reload, in  1.360 seconds
Domain Reload Profiling:
	ReloadAssembly (1361ms)
		BeginReloadAssembly (230ms)
			ExecutionOrderSort (0ms)
			DisableScriptedObjects (6ms)
			BackupInstance (0ms)
			ReleaseScriptingObjects (0ms)
			CreateAndSetChildDomain (124ms)
		EndReloadAssembly (1014ms)
			LoadAssemblies (113ms)
			RebuildTransferFunctionScriptingTraits (0ms)
			SetupTypeCache (291ms)
			ReleaseScriptCaches (1ms)
			RebuildScriptCaches (56ms)
			SetupLoadedEditorAssemblies (529ms)
				LogAssemblyErrors (0ms)
				InitializePlatformSupportModulesInManaged (13ms)
				SetLoadedEditorAssemblies (0ms)
				RefreshPlugins (96ms)
				BeforeProcessingInitializeOnLoad (96ms)
				ProcessInitializeOnLoadAttributes (288ms)
				ProcessInitializeOnLoadMethodAttributes (27ms)
				AfterProcessingInitializeOnLoad (7ms)
				EditorAssembliesLoaded (0ms)
			ExecutionOrderSort2 (0ms)
			AwakeInstancesAfterBackupRestoration (5ms)
Platform modules already initialized, skipping
========================================================================
Worker process is ready to serve import requests
Launched and connected shader compiler UnityShaderCompiler.exe after 0.06 seconds
Refreshing native plugins compatible for Editor in 0.68 ms, found 3 plugins.
Preloading 0 native plugins for Editor in 0.00 ms.
Unloading 3879 Unused Serialized files (Serialized files now loaded: 0)
Unloading 44 unused Assets / (182.6 KB). Loaded Objects now: 4352.
Memory consumption went from 153.9 MB to 153.8 MB.
Total: 4.526400 ms (FindLiveObjects: 0.549200 ms CreateObjectMapping: 0.299100 ms MarkObjects: 3.417500 ms  DeleteObjects: 0.259800 ms)

AssetImportParameters requested are different than current active one (requested -> active):
  custom:video-decoder-ogg-theora: a1e56fd34408186e4bbccfd4996cb3dc -> 
  custom:container-muxer-webm: aa71ff27fc2769a1b78a27578f13a17b -> 
  custom:container-demuxer-webm: 4f35f7cbe854078d1ac9338744f61a02 -> 
  custom:video-encoder-webm-vp8: eb34c28f22e8b96e1ab97ce403110664 -> 
  custom:video-codec-MediaFoundation-h265: 746d11721c4dcdbdad8f713fa42b33f4 -> 
  custom:audio-encoder-webm-vorbis: bf7c407c2cedff20999df2af8eb42d56 -> 
  custom:framework-win-MediaFoundation: 216162199b28c13a410421893ffa2e32 -> 
  custom:container-demuxer-ogg: 62fdf1f143b41e24485cea50d1cbac27 -> 
  custom:video-decoder-webm-vp8: 9c59270c3fd7afecdb556c50c9e8de78 -> 
  custom:audio-decoder-ogg-vorbis: bf7c407c2cedff20999df2af8eb42d56 -> 
========================================================================
Received Import Request.
  Time since last request: 5515.206855 seconds.
  path: Assets/Cemetery Kit V1.25/Prefabs/Gates, Fences/Editor_Built/Fence_Wall_Group_1A.prefab
  artifactKey: Guid(465633898e48311438128b9513113804) Importer(815301076,1909f56bfc062723c751e8b465ee728b)
Start importing Assets/Cemetery Kit V1.25/Prefabs/Gates, Fences/Editor_Built/Fence_Wall_Group_1A.prefab using Guid(465633898e48311438128b9513113804) Importer(815301076,1909f56bfc062723c751e8b465ee728b)  -> (artifact id: 'fe1c70189697cc7e55dede8a3e158922') in 0.200693 seconds 
========================================================================
Received Import Request.
  Time since last request: 0.000019 seconds.
  path: Assets/Cemetery Kit V1.25/Prefabs/Gates, Fences/Editor_Built/Fence_Gate_Group_1C.prefab
  artifactKey: Guid(6ade0516772c81947a4fa1ffdde5ca81) Importer(815301076,1909f56bfc062723c751e8b465ee728b)
Start importing Assets/Cemetery Kit V1.25/Prefabs/Gates, Fences/Editor_Built/Fence_Gate_Group_1C.prefab using Guid(6ade0516772c81947a4fa1ffdde5ca81) Importer(815301076,1909f56bfc062723c751e8b465ee728b)  -> (artifact id: 'abb5f5c0ecd8076111ac75fa572fb4a2') in 0.053292 seconds 
========================================================================
Received Import Request.
  Time since last request: 46.817648 seconds.
  path: Assets/Cemetery Kit V1.25/Prefabs/Graves/Gravestones
  artifactKey: Guid(13d00f4bd51dcc94d936a1599e2de017) Importer(815301076,1909f56bfc062723c751e8b465ee728b)
Start importing Assets/Cemetery Kit V1.25/Prefabs/Graves/Gravestones using Guid(13d00f4bd51dcc94d936a1599e2de017) Importer(815301076,1909f56bfc062723c751e8b465ee728b)  -> (artifact id: '6072a36ac5e767c62673bf1bf130549c') in 0.006624 seconds 
========================================================================
Received Import Request.
  Time since last request: 0.059231 seconds.
  path: Assets/Cemetery Kit V1.25/Prefabs/Graves/Gravestones/Cross 1.prefab
  artifactKey: Guid(e03ac71e2fad340449e45af910ed494e) Importer(815301076,1909f56bfc062723c751e8b465ee728b)
Start importing Assets/Cemetery Kit V1.25/Prefabs/Graves/Gravestones/Cross 1.prefab using Guid(e03ac71e2fad340449e45af910ed494e) Importer(815301076,1909f56bfc062723c751e8b465ee728b)  -> (artifact id: 'dff0724d99fafeeeabaa1f8a13159221') in 0.049701 seconds 
========================================================================
Received Import Request.
  Time since last request: 0.000032 seconds.
  path: Assets/Cemetery Kit V1.25/Prefabs/Graves/Gravestones/Grave 2.prefab
  artifactKey: Guid(8caa69417bdc9144784f58aca1026009) Importer(815301076,1909f56bfc062723c751e8b465ee728b)
Start importing Assets/Cemetery Kit V1.25/Prefabs/Graves/Gravestones/Grave 2.prefab using Guid(8caa69417bdc9144784f58aca1026009) Importer(815301076,1909f56bfc062723c751e8b465ee728b)  -> (artifact id: '1fdd40626f653b155ce289731cc4471c') in 0.043778 seconds 
========================================================================
Received Import Request.
  Time since last request: 0.000073 seconds.
  path: Assets/Cemetery Kit V1.25/Prefabs/Graves/Gravestones/Grave 3.prefab
  artifactKey: Guid(3ef1d861abde8fb4f82f99238f56ba14) Importer(815301076,1909f56bfc062723c751e8b465ee728b)
Start importing Assets/Cemetery Kit V1.25/Prefabs/Graves/Gravestones/Grave 3.prefab using Guid(3ef1d861abde8fb4f82f99238f56ba14) Importer(815301076,1909f56bfc062723c751e8b465ee728b)  -> (artifact id: 'c807f44f94b0fd7b0c88fbc38a998a74') in 0.041693 seconds 
========================================================================
Received Import Request.
  Time since last request: 0.000030 seconds.
  path: Assets/Cemetery Kit V1.25/Prefabs/Graves/Gravestones/Grave 4.prefab
  artifactKey: Guid(13b27d61603f3754484abb0be551ddef) Importer(815301076,1909f56bfc062723c751e8b465ee728b)
Start importing Assets/Cemetery Kit V1.25/Prefabs/Graves/Gravestones/Grave 4.prefab using Guid(13b27d61603f3754484abb0be551ddef) Importer(815301076,1909f56bfc062723c751e8b465ee728b)  -> (artifact id: 'a69e195645a7581522ea1794b30e0fc9') in 0.025139 seconds 
========================================================================
Received Import Request.
  Time since last request: 0.848996 seconds.
  path: Assets/Cemetery Kit V1.25/Prefabs/Graves/Gravestones/Grave 6.prefab
  artifactKey: Guid(a09ecb7155fc7ae40ad66449aacb865f) Importer(815301076,1909f56bfc062723c751e8b465ee728b)
Start importing Assets/Cemetery Kit V1.25/Prefabs/Graves/Gravestones/Grave 6.prefab using Guid(a09ecb7155fc7ae40ad66449aacb865f) Importer(815301076,1909f56bfc062723c751e8b465ee728b)  -> (artifact id: '10c6a241d69b09be9add7e958f5187bc') in 0.023886 seconds 
========================================================================
Received Import Request.
  Time since last request: 0.344303 seconds.
  path: Assets/Cemetery Kit V1.25/Prefabs/Graves/Gravestones/Grave 8.prefab
  artifactKey: Guid(f9e611e55fe789e4489caf0faec67ccd) Importer(815301076,1909f56bfc062723c751e8b465ee728b)
Start importing Assets/Cemetery Kit V1.25/Prefabs/Graves/Gravestones/Grave 8.prefab using Guid(f9e611e55fe789e4489caf0faec67ccd) Importer(815301076,1909f56bfc062723c751e8b465ee728b)  -> (artifact id: 'fa26260d17d70490e16af7b8e0485e14') in 0.030707 seconds 
========================================================================
Received Import Request.
  Time since last request: 1.698181 seconds.
  path: Assets/Cemetery Kit V1.25/Prefabs/Graves/Gravestones/Grave 10.prefab
  artifactKey: Guid(b21fe03ad4113b840aa44cf753cf8f2d) Importer(815301076,1909f56bfc062723c751e8b465ee728b)
Start importing Assets/Cemetery Kit V1.25/Prefabs/Graves/Gravestones/Grave 10.prefab using Guid(b21fe03ad4113b840aa44cf753cf8f2d) Importer(815301076,1909f56bfc062723c751e8b465ee728b)  -> (artifact id: '56f842d99d94647a392f481a605cd927') in 0.029977 seconds 
========================================================================
Received Import Request.
  Time since last request: 2.103280 seconds.
  path: Assets/Cemetery Kit V1.25/Prefabs/Graves/Gravestones/Grave 12.prefab
  artifactKey: Guid(3cead4624a7b6d84bbce83a3e6ae1132) Importer(815301076,1909f56bfc062723c751e8b465ee728b)
Start importing Assets/Cemetery Kit V1.25/Prefabs/Graves/Gravestones/Grave 12.prefab using Guid(3cead4624a7b6d84bbce83a3e6ae1132) Importer(815301076,1909f56bfc062723c751e8b465ee728b)  -> (artifact id: 'ca3a05935b99827ee2dc098cdd675272') in 0.024941 seconds 
========================================================================
Received Import Request.
  Time since last request: 689.044969 seconds.
  path: Assets/預製物/石牆_長.prefab
  artifactKey: Guid(daeb898426acf2d469baff2ad149906d) Importer(815301076,1909f56bfc062723c751e8b465ee728b)
Start importing Assets/預製物/石牆_長.prefab using Guid(daeb898426acf2d469baff2ad149906d) Importer(815301076,1909f56bfc062723c751e8b465ee728b)  -> (artifact id: '702f9e1523fda2179e72737d7343b66b') in 0.044313 seconds 
========================================================================
Received Import Request.
  Time since last request: 39.745582 seconds.
  path: Assets/預製物/石牆_短.prefab
  artifactKey: Guid(ab18de7b706cb784883af4f7b113463f) Importer(815301076,1909f56bfc062723c751e8b465ee728b)
Start importing Assets/預製物/石牆_短.prefab using Guid(ab18de7b706cb784883af4f7b113463f) Importer(815301076,1909f56bfc062723c751e8b465ee728b)  -> (artifact id: '4901ee2bf05c0c4040763e86907cbbae') in 0.017988 seconds 
========================================================================
Received Import Request.
  Time since last request: 19.760742 seconds.
  path: Assets/預製物/墳墓_十字架.prefab
  artifactKey: Guid(463cb050276da0c409e1a870b1e17be4) Importer(815301076,1909f56bfc062723c751e8b465ee728b)
Start importing Assets/預製物/墳墓_十字架.prefab using Guid(463cb050276da0c409e1a870b1e17be4) Importer(815301076,1909f56bfc062723c751e8b465ee728b)  -> (artifact id: '8ad88843008f019e8522382bcd20b611') in 0.018182 seconds 
========================================================================
Received Import Request.
  Time since last request: 6.184299 seconds.
  path: Assets/預製物/墳墓_十字架.prefab
  artifactKey: Guid(463cb050276da0c409e1a870b1e17be4) Importer(815301076,1909f56bfc062723c751e8b465ee728b)
Start importing Assets/預製物/墳墓_十字架.prefab using Guid(463cb050276da0c409e1a870b1e17be4) Importer(815301076,1909f56bfc062723c751e8b465ee728b)  -> (artifact id: '3278c41f78fe254daf4d0fc6c10b5c2c') in 0.016467 seconds 
========================================================================
Received Prepare
Registering precompiled user dll's ...
Registered in 0.004923 seconds.
Begin MonoManager ReloadAssembly
Symbol file LoadedFromMemory doesn't match image E:\Unity procjet\-111-1-Thursday-HorrorGame\111-1-109051061-HorrorGame\Library\PackageCache\com.unity.visualscripting@1.7.8\Editor\VisualScripting.Core\Dependencies\YamlDotNet\Unity.VisualScripting.YamlDotNet.dll
Symbol file LoadedFromMemory doesn't match image E:\Unity procjet\-111-1-Thursday-HorrorGame\111-1-109051061-HorrorGame\Library\PackageCache\com.unity.visualscripting@1.7.8\Editor\VisualScripting.Core\Dependencies\DotNetZip\Unity.VisualScripting.IonicZip.dll
Native extension for WindowsStandalone target not found
Native extension for Android target not found
Native extension for WebGL target not found
Refreshing native plugins compatible for Editor in 0.91 ms, found 3 plugins.
Preloading 0 native plugins for Editor in 0.00 ms.
Mono: successfully reloaded assembly
- Completed reload, in  1.207 seconds
Domain Reload Profiling:
	ReloadAssembly (1207ms)
		BeginReloadAssembly (134ms)
			ExecutionOrderSort (0ms)
			DisableScriptedObjects (4ms)
			BackupInstance (0ms)
			ReleaseScriptingObjects (0ms)
			CreateAndSetChildDomain (44ms)
		EndReloadAssembly (982ms)
			LoadAssemblies (80ms)
			RebuildTransferFunctionScriptingTraits (0ms)
			SetupTypeCache (284ms)
			ReleaseScriptCaches (2ms)
			RebuildScriptCaches (59ms)
			SetupLoadedEditorAssemblies (491ms)
				LogAssemblyErrors (0ms)
				InitializePlatformSupportModulesInManaged (24ms)
				SetLoadedEditorAssemblies (1ms)
				RefreshPlugins (1ms)
				BeforeProcessingInitializeOnLoad (71ms)
				ProcessInitializeOnLoadAttributes (334ms)
				ProcessInitializeOnLoadMethodAttributes (51ms)
				AfterProcessingInitializeOnLoad (9ms)
				EditorAssembliesLoaded (0ms)
			ExecutionOrderSort2 (0ms)
			AwakeInstancesAfterBackupRestoration (7ms)
Platform modules already initialized, skipping
Refreshing native plugins compatible for Editor in 2.55 ms, found 3 plugins.
Preloading 0 native plugins for Editor in 0.00 ms.
Unloading 3873 Unused Serialized files (Serialized files now loaded: 0)
Unloading 23 unused Assets / (150.2 KB). Loaded Objects now: 4373.
Memory consumption went from 158.0 MB to 157.9 MB.
Total: 4.661800 ms (FindLiveObjects: 0.464800 ms CreateObjectMapping: 0.228700 ms MarkObjects: 3.824800 ms  DeleteObjects: 0.142500 ms)

AssetImportParameters requested are different than current active one (requested -> active):
  custom:video-decoder-ogg-theora: a1e56fd34408186e4bbccfd4996cb3dc -> 
  custom:container-muxer-webm: aa71ff27fc2769a1b78a27578f13a17b -> 
  custom:container-demuxer-webm: 4f35f7cbe854078d1ac9338744f61a02 -> 
  custom:video-encoder-webm-vp8: eb34c28f22e8b96e1ab97ce403110664 -> 
  custom:video-codec-MediaFoundation-h265: 746d11721c4dcdbdad8f713fa42b33f4 -> 
  custom:audio-encoder-webm-vorbis: bf7c407c2cedff20999df2af8eb42d56 -> 
  custom:framework-win-MediaFoundation: 216162199b28c13a410421893ffa2e32 -> 
  custom:container-demuxer-ogg: 62fdf1f143b41e24485cea50d1cbac27 -> 
  custom:video-decoder-webm-vp8: 9c59270c3fd7afecdb556c50c9e8de78 -> 
  custom:audio-decoder-ogg-vorbis: bf7c407c2cedff20999df2af8eb42d56 -> 
========================================================================
Received Prepare
Registering precompiled user dll's ...
Registered in 0.005927 seconds.
Begin MonoManager ReloadAssembly
Symbol file LoadedFromMemory doesn't match image E:\Unity procjet\-111-1-Thursday-HorrorGame\111-1-109051061-HorrorGame\Library\PackageCache\com.unity.visualscripting@1.7.8\Editor\VisualScripting.Core\Dependencies\YamlDotNet\Unity.VisualScripting.YamlDotNet.dll
Symbol file LoadedFromMemory doesn't match image E:\Unity procjet\-111-1-Thursday-HorrorGame\111-1-109051061-HorrorGame\Library\PackageCache\com.unity.visualscripting@1.7.8\Editor\VisualScripting.Core\Dependencies\DotNetZip\Unity.VisualScripting.IonicZip.dll
Native extension for WindowsStandalone target not found
Native extension for Android target not found
Native extension for WebGL target not found
Refreshing native plugins compatible for Editor in 0.98 ms, found 3 plugins.
Preloading 0 native plugins for Editor in 0.00 ms.
Mono: successfully reloaded assembly
- Completed reload, in  1.166 seconds
Domain Reload Profiling:
	ReloadAssembly (1167ms)
		BeginReloadAssembly (139ms)
			ExecutionOrderSort (0ms)
			DisableScriptedObjects (5ms)
			BackupInstance (0ms)
			ReleaseScriptingObjects (0ms)
			CreateAndSetChildDomain (42ms)
		EndReloadAssembly (938ms)
			LoadAssemblies (89ms)
			RebuildTransferFunctionScriptingTraits (0ms)
			SetupTypeCache (268ms)
			ReleaseScriptCaches (1ms)
			RebuildScriptCaches (51ms)
			SetupLoadedEditorAssemblies (474ms)
				LogAssemblyErrors (0ms)
				InitializePlatformSupportModulesInManaged (25ms)
				SetLoadedEditorAssemblies (2ms)
				RefreshPlugins (1ms)
				BeforeProcessingInitializeOnLoad (79ms)
				ProcessInitializeOnLoadAttributes (314ms)
				ProcessInitializeOnLoadMethodAttributes (46ms)
				AfterProcessingInitializeOnLoad (7ms)
				EditorAssembliesLoaded (0ms)
			ExecutionOrderSort2 (0ms)
			AwakeInstancesAfterBackupRestoration (6ms)
Platform modules already initialized, skipping
Refreshing native plugins compatible for Editor in 2.17 ms, found 3 plugins.
Preloading 0 native plugins for Editor in 0.00 ms.
Unloading 3873 Unused Serialized files (Serialized files now loaded: 0)
Unloading 23 unused Assets / (150.3 KB). Loaded Objects now: 4388.
Memory consumption went from 158.1 MB to 157.9 MB.
Total: 4.218800 ms (FindLiveObjects: 0.463200 ms CreateObjectMapping: 0.320800 ms MarkObjects: 3.285900 ms  DeleteObjects: 0.147400 ms)

AssetImportParameters requested are different than current active one (requested -> active):
  custom:video-decoder-ogg-theora: a1e56fd34408186e4bbccfd4996cb3dc -> 
  custom:container-muxer-webm: aa71ff27fc2769a1b78a27578f13a17b -> 
  custom:container-demuxer-webm: 4f35f7cbe854078d1ac9338744f61a02 -> 
  custom:video-encoder-webm-vp8: eb34c28f22e8b96e1ab97ce403110664 -> 
  custom:video-codec-MediaFoundation-h265: 746d11721c4dcdbdad8f713fa42b33f4 -> 
  custom:audio-encoder-webm-vorbis: bf7c407c2cedff20999df2af8eb42d56 -> 
  custom:framework-win-MediaFoundation: 216162199b28c13a410421893ffa2e32 -> 
  custom:container-demuxer-ogg: 62fdf1f143b41e24485cea50d1cbac27 -> 
  custom:video-decoder-webm-vp8: 9c59270c3fd7afecdb556c50c9e8de78 -> 
  custom:audio-decoder-ogg-vorbis: bf7c407c2cedff20999df2af8eb42d56 -> 
========================================================================
Received Prepare
Registering precompiled user dll's ...
Registered in 0.004868 seconds.
Begin MonoManager ReloadAssembly
Symbol file LoadedFromMemory doesn't match image E:\Unity procjet\-111-1-Thursday-HorrorGame\111-1-109051061-HorrorGame\Library\PackageCache\com.unity.visualscripting@1.7.8\Editor\VisualScripting.Core\Dependencies\YamlDotNet\Unity.VisualScripting.YamlDotNet.dll
Symbol file LoadedFromMemory doesn't match image E:\Unity procjet\-111-1-Thursday-HorrorGame\111-1-109051061-HorrorGame\Library\PackageCache\com.unity.visualscripting@1.7.8\Editor\VisualScripting.Core\Dependencies\DotNetZip\Unity.VisualScripting.IonicZip.dll
Native extension for WindowsStandalone target not found
Native extension for Android target not found
Native extension for WebGL target not found
Refreshing native plugins compatible for Editor in 1.19 ms, found 3 plugins.
Preloading 0 native plugins for Editor in 0.00 ms.
Mono: successfully reloaded assembly
- Completed reload, in  1.142 seconds
Domain Reload Profiling:
	ReloadAssembly (1143ms)
		BeginReloadAssembly (130ms)
			ExecutionOrderSort (0ms)
			DisableScriptedObjects (4ms)
			BackupInstance (0ms)
			ReleaseScriptingObjects (0ms)
			CreateAndSetChildDomain (39ms)
		EndReloadAssembly (924ms)
			LoadAssemblies (85ms)
			RebuildTransferFunctionScriptingTraits (0ms)
			SetupTypeCache (258ms)
			ReleaseScriptCaches (2ms)
			RebuildScriptCaches (51ms)
			SetupLoadedEditorAssemblies (465ms)
				LogAssemblyErrors (0ms)
				InitializePlatformSupportModulesInManaged (26ms)
				SetLoadedEditorAssemblies (1ms)
				RefreshPlugins (1ms)
				BeforeProcessingInitializeOnLoad (74ms)
				ProcessInitializeOnLoadAttributes (307ms)
				ProcessInitializeOnLoadMethodAttributes (48ms)
				AfterProcessingInitializeOnLoad (7ms)
				EditorAssembliesLoaded (0ms)
			ExecutionOrderSort2 (0ms)
			AwakeInstancesAfterBackupRestoration (6ms)
Platform modules already initialized, skipping
Refreshing native plugins compatible for Editor in 2.47 ms, found 3 plugins.
Preloading 0 native plugins for Editor in 0.00 ms.
Unloading 3873 Unused Serialized files (Serialized files now loaded: 0)
Unloading 23 unused Assets / (150.2 KB). Loaded Objects now: 4403.
Memory consumption went from 158.1 MB to 157.9 MB.
Total: 3.991100 ms (FindLiveObjects: 0.415300 ms CreateObjectMapping: 0.297600 ms MarkObjects: 3.137500 ms  DeleteObjects: 0.139700 ms)

AssetImportParameters requested are different than current active one (requested -> active):
  custom:video-decoder-ogg-theora: a1e56fd34408186e4bbccfd4996cb3dc -> 
  custom:container-muxer-webm: aa71ff27fc2769a1b78a27578f13a17b -> 
  custom:container-demuxer-webm: 4f35f7cbe854078d1ac9338744f61a02 -> 
  custom:video-encoder-webm-vp8: eb34c28f22e8b96e1ab97ce403110664 -> 
  custom:video-codec-MediaFoundation-h265: 746d11721c4dcdbdad8f713fa42b33f4 -> 
  custom:audio-encoder-webm-vorbis: bf7c407c2cedff20999df2af8eb42d56 -> 
  custom:framework-win-MediaFoundation: 216162199b28c13a410421893ffa2e32 -> 
  custom:container-demuxer-ogg: 62fdf1f143b41e24485cea50d1cbac27 -> 
  custom:video-decoder-webm-vp8: 9c59270c3fd7afecdb556c50c9e8de78 -> 
  custom:audio-decoder-ogg-vorbis: bf7c407c2cedff20999df2af8eb42d56 -> 
========================================================================
Received Prepare
Registering precompiled user dll's ...
Registered in 0.004601 seconds.
Begin MonoManager ReloadAssembly
Symbol file LoadedFromMemory doesn't match image E:\Unity procjet\-111-1-Thursday-HorrorGame\111-1-109051061-HorrorGame\Library\PackageCache\com.unity.visualscripting@1.7.8\Editor\VisualScripting.Core\Dependencies\YamlDotNet\Unity.VisualScripting.YamlDotNet.dll
Symbol file LoadedFromMemory doesn't match image E:\Unity procjet\-111-1-Thursday-HorrorGame\111-1-109051061-HorrorGame\Library\PackageCache\com.unity.visualscripting@1.7.8\Editor\VisualScripting.Core\Dependencies\DotNetZip\Unity.VisualScripting.IonicZip.dll
Native extension for WindowsStandalone target not found
Native extension for Android target not found
Native extension for WebGL target not found
Refreshing native plugins compatible for Editor in 0.93 ms, found 3 plugins.
Preloading 0 native plugins for Editor in 0.00 ms.
Mono: successfully reloaded assembly
- Completed reload, in  1.171 seconds
Domain Reload Profiling:
	ReloadAssembly (1172ms)
		BeginReloadAssembly (138ms)
			ExecutionOrderSort (0ms)
			DisableScriptedObjects (5ms)
			BackupInstance (0ms)
			ReleaseScriptingObjects (0ms)
			CreateAndSetChildDomain (38ms)
		EndReloadAssembly (944ms)
			LoadAssemblies (95ms)
			RebuildTransferFunctionScriptingTraits (0ms)
			SetupTypeCache (277ms)
			ReleaseScriptCaches (1ms)
			RebuildScriptCaches (51ms)
			SetupLoadedEditorAssemblies (471ms)
				LogAssemblyErrors (0ms)
				InitializePlatformSupportModulesInManaged (25ms)
				SetLoadedEditorAssemblies (1ms)
				RefreshPlugins (1ms)
				BeforeProcessingInitializeOnLoad (73ms)
				ProcessInitializeOnLoadAttributes (313ms)
				ProcessInitializeOnLoadMethodAttributes (49ms)
				AfterProcessingInitializeOnLoad (8ms)
				EditorAssembliesLoaded (0ms)
			ExecutionOrderSort2 (0ms)
			AwakeInstancesAfterBackupRestoration (6ms)
Platform modules already initialized, skipping
Refreshing native plugins compatible for Editor in 1.88 ms, found 3 plugins.
Preloading 0 native plugins for Editor in 0.00 ms.
Unloading 3873 Unused Serialized files (Serialized files now loaded: 0)
Unloading 23 unused Assets / (150.3 KB). Loaded Objects now: 4418.
Memory consumption went from 158.1 MB to 157.9 MB.
Total: 4.027700 ms (FindLiveObjects: 0.316700 ms CreateObjectMapping: 0.247400 ms MarkObjects: 3.293400 ms  DeleteObjects: 0.169100 ms)

AssetImportParameters requested are different than current active one (requested -> active):
  custom:video-decoder-ogg-theora: a1e56fd34408186e4bbccfd4996cb3dc -> 
  custom:container-muxer-webm: aa71ff27fc2769a1b78a27578f13a17b -> 
  custom:container-demuxer-webm: 4f35f7cbe854078d1ac9338744f61a02 -> 
  custom:video-encoder-webm-vp8: eb34c28f22e8b96e1ab97ce403110664 -> 
  custom:video-codec-MediaFoundation-h265: 746d11721c4dcdbdad8f713fa42b33f4 -> 
  custom:audio-encoder-webm-vorbis: bf7c407c2cedff20999df2af8eb42d56 -> 
  custom:framework-win-MediaFoundation: 216162199b28c13a410421893ffa2e32 -> 
  custom:container-demuxer-ogg: 62fdf1f143b41e24485cea50d1cbac27 -> 
  custom:video-decoder-webm-vp8: 9c59270c3fd7afecdb556c50c9e8de78 -> 
  custom:audio-decoder-ogg-vorbis: bf7c407c2cedff20999df2af8eb42d56 -> 
========================================================================
Received Import Request.
  Time since last request: 609.073629 seconds.
  path: Assets/Cemetery Kit V1.25/FBX/Materials/Chapel Set UV.mat
  artifactKey: Guid(9368bc38820b6d1428fd0c6e3b43ae83) Importer(815301076,1909f56bfc062723c751e8b465ee728b)
Start importing Assets/Cemetery Kit V1.25/FBX/Materials/Chapel Set UV.mat using Guid(9368bc38820b6d1428fd0c6e3b43ae83) Importer(815301076,1909f56bfc062723c751e8b465ee728b)  -> (artifact id: 'deb80586692ada0ae2e5b0cd6da5d4cc') in 0.193649 seconds 
========================================================================
Received Import Request.
  Time since last request: 0.000046 seconds.
  path: Assets/Cemetery Kit V1.25/FBX/Materials/Fencing.mat
  artifactKey: Guid(2c9bbbdf5023eb241ad105891200a5cc) Importer(815301076,1909f56bfc062723c751e8b465ee728b)
Start importing Assets/Cemetery Kit V1.25/FBX/Materials/Fencing.mat using Guid(2c9bbbdf5023eb241ad105891200a5cc) Importer(815301076,1909f56bfc062723c751e8b465ee728b)  -> (artifact id: 'f4ecb8e28069def154f23d80ef2b8a2e') in 0.037452 seconds 
========================================================================
Received Import Request.
  Time since last request: 0.000040 seconds.
  path: Assets/Cemetery Kit V1.25/FBX/Materials/Fire_1.mat
  artifactKey: Guid(ed78f4cc4deac78418a1d8bd225d08ed) Importer(815301076,1909f56bfc062723c751e8b465ee728b)
Start importing Assets/Cemetery Kit V1.25/FBX/Materials/Fire_1.mat using Guid(ed78f4cc4deac78418a1d8bd225d08ed) Importer(815301076,1909f56bfc062723c751e8b465ee728b)  -> (artifact id: 'b7d50b09b9f4ca99dae78d9698dd6d46') in 0.049976 seconds 
========================================================================
Received Import Request.
  Time since last request: 49.148435 seconds.
  path: Assets/Cemetery Kit V1.25/FBX/Materials/Coffin UV 1.mat
  artifactKey: Guid(9403ab6c509518846909e64d1adeb9bf) Importer(815301076,1909f56bfc062723c751e8b465ee728b)
Start importing Assets/Cemetery Kit V1.25/FBX/Materials/Coffin UV 1.mat using Guid(9403ab6c509518846909e64d1adeb9bf) Importer(815301076,1909f56bfc062723c751e8b465ee728b)  -> (artifact id: '551b47fd3148a71517f04fe458e7e198') in 0.039850 seconds 
========================================================================
Received Import Request.
  Time since last request: 36.226185 seconds.
  path: Assets/Cemetery Kit V1.25/FBX/Materials/Grave 2 UV.mat
  artifactKey: Guid(3bca066d30b36ee4b98ad32233688bde) Importer(815301076,1909f56bfc062723c751e8b465ee728b)
Start importing Assets/Cemetery Kit V1.25/FBX/Materials/Grave 2 UV.mat using Guid(3bca066d30b36ee4b98ad32233688bde) Importer(815301076,1909f56bfc062723c751e8b465ee728b)  -> (artifact id: '9e4d741ad26e7412c53340c0ba5d04a6') in 0.095084 seconds 
========================================================================
Received Import Request.
  Time since last request: 0.000074 seconds.
  path: Assets/Cemetery Kit V1.25/FBX/Materials/Stone Walls UV 1.mat
  artifactKey: Guid(86b58401a55dab041aa7297e59c72450) Importer(815301076,1909f56bfc062723c751e8b465ee728b)
Start importing Assets/Cemetery Kit V1.25/FBX/Materials/Stone Walls UV 1.mat using Guid(86b58401a55dab041aa7297e59c72450) Importer(815301076,1909f56bfc062723c751e8b465ee728b)  -> (artifact id: 'b6fb25845bc8559333c597b71cc03b01') in 0.029123 seconds 
========================================================================
Received Import Request.
  Time since last request: 0.000044 seconds.
  path: Assets/Cemetery Kit V1.25/FBX/Materials/Pillars UV 1.mat
  artifactKey: Guid(b6177f196ad411e43b5467b6bea3e81f) Importer(815301076,1909f56bfc062723c751e8b465ee728b)
Start importing Assets/Cemetery Kit V1.25/FBX/Materials/Pillars UV 1.mat using Guid(b6177f196ad411e43b5467b6bea3e81f) Importer(815301076,1909f56bfc062723c751e8b465ee728b)  -> (artifact id: '1500fe01b6c6d65f46bd95e6ab0460d6') in 0.022940 seconds 
Editor requested this worker to shutdown with reason: Scaling down because of idle timeout
AssetImportWorker is now disconnected from the server
Process exiting
Exiting without the bug reporter. Application will terminate with return code 0