Using pre-set license
Built from '2021.3/staging' branch; Version is '2021.3.6f1 (7da38d85baf6) revision 8233869'; Using compiler version '192829333'; Build Type 'Release'
OS: 'Windows 11  (10.0.22000) 64bit Core' Language: 'zh' Physical Memory: 7976 MB
BatchMode: 1, IsHumanControllingUs: 0, StartBugReporterOnCrash: 0, Is64bit: 1, IsPro: 1

COMMAND LINE ARGUMENTS:
C:\Program Files\Unity\Hub\Editor\2021.3.6f1\Editor\Unity.exe
-adb2
-batchMode
-noUpm
-name
AssetImportWorker0
-projectPath
E:/Unity procjet/-111-1-Thursday-HorrorGame/111-1-109051061-HorrorGame
-logFile
Logs/AssetImportWorker0.log
-srvPort
8862
Successfully changed project path to: E:/Unity procjet/-111-1-Thursday-HorrorGame/111-1-109051061-HorrorGame
E:/Unity procjet/-111-1-Thursday-HorrorGame/111-1-109051061-HorrorGame
[UnityMemory] Configuration Parameters - Can be set up in boot.config
    "memorysetup-bucket-allocator-granularity=16"
    "memorysetup-bucket-allocator-bucket-count=8"
    "memorysetup-bucket-allocator-block-size=33554432"
    "memorysetup-bucket-allocator-block-count=8"
    "memorysetup-main-allocator-block-size=16777216"
    "memorysetup-thread-allocator-block-size=16777216"
    "memorysetup-gfx-main-allocator-block-size=16777216"
    "memorysetup-gfx-thread-allocator-block-size=16777216"
    "memorysetup-cache-allocator-block-size=4194304"
    "memorysetup-typetree-allocator-block-size=2097152"
    "memorysetup-profiler-bucket-allocator-granularity=16"
    "memorysetup-profiler-bucket-allocator-bucket-count=8"
    "memorysetup-profiler-bucket-allocator-block-size=33554432"
    "memorysetup-profiler-bucket-allocator-block-count=8"
    "memorysetup-profiler-allocator-block-size=16777216"
    "memorysetup-profiler-editor-allocator-block-size=1048576"
    "memorysetup-temp-allocator-size-main=16777216"
    "memorysetup-job-temp-allocator-block-size=2097152"
    "memorysetup-job-temp-allocator-block-size-background=1048576"
    "memorysetup-job-temp-allocator-reduction-small-platforms=262144"
    "memorysetup-temp-allocator-size-background-worker=32768"
    "memorysetup-temp-allocator-size-job-worker=262144"
    "memorysetup-temp-allocator-size-preload-manager=33554432"
    "memorysetup-temp-allocator-size-nav-mesh-worker=65536"
    "memorysetup-temp-allocator-size-audio-worker=65536"
    "memorysetup-temp-allocator-size-cloud-worker=32768"
    "memorysetup-temp-allocator-size-gi-baking-worker=262144"
    "memorysetup-temp-allocator-size-gfx=262144"
Refreshing native plugins compatible for Editor in 184.00 ms, found 3 plugins.
Preloading 0 native plugins for Editor in 0.00 ms.
Initialize engine version: 2021.3.6f1 (7da38d85baf6)
[Subsystems] Discovering subsystems at path C:/Program Files/Unity/Hub/Editor/2021.3.6f1/Editor/Data/Resources/UnitySubsystems
[Subsystems] Discovering subsystems at path E:/Unity procjet/-111-1-Thursday-HorrorGame/111-1-109051061-HorrorGame/Assets
GfxDevice: creating device client; threaded=0; jobified=0
d3d12: loaded!
Direct3D:
    Version:         Direct3D 12 [level 12.1]
    Renderer:        NVIDIA GeForce RTX 2060 (ID=0x1f15)
    Vendor:          NVIDIA
    VRAM:            5980 MB
    App VRAM Budget: 5212 MB
    Driver:          30.0.15.1278
d3d12: Profiler is enabled, but stable power state is not. GPU timing errors are expected.
Initialize mono
Mono path[0] = 'C:/Program Files/Unity/Hub/Editor/2021.3.6f1/Editor/Data/Managed'
Mono path[1] = 'C:/Program Files/Unity/Hub/Editor/2021.3.6f1/Editor/Data/MonoBleedingEdge/lib/mono/unityjit-win32'
Mono config path = 'C:/Program Files/Unity/Hub/Editor/2021.3.6f1/Editor/Data/MonoBleedingEdge/etc'
Using monoOptions --debugger-agent=transport=dt_socket,embedding=1,server=y,suspend=n,address=127.0.0.1:56232
Begin MonoManager ReloadAssembly
Registering precompiled unity dll's ...
Register platform support module: C:/Program Files/Unity/Hub/Editor/2021.3.6f1/Editor/Data/PlaybackEngines/WebGLSupport/UnityEditor.WebGL.Extensions.dll
Register platform support module: C:/Program Files/Unity/Hub/Editor/2021.3.6f1/Editor/Data/PlaybackEngines/AndroidPlayer/UnityEditor.Android.Extensions.dll
Register platform support module: C:/Program Files/Unity/Hub/Editor/2021.3.6f1/Editor/Data/PlaybackEngines/WindowsStandaloneSupport/UnityEditor.WindowsStandalone.Extensions.dll
Registered in 0.009615 seconds.
Native extension for WindowsStandalone target not found
Native extension for Android target not found
Native extension for WebGL target not found
Refreshing native plugins compatible for Editor in 167.77 ms, found 3 plugins.
Preloading 0 native plugins for Editor in 0.00 ms.
Mono: successfully reloaded assembly
- Completed reload, in  0.920 seconds
Domain Reload Profiling:
	ReloadAssembly (921ms)
		BeginReloadAssembly (110ms)
			ExecutionOrderSort (0ms)
			DisableScriptedObjects (0ms)
			BackupInstance (0ms)
			ReleaseScriptingObjects (0ms)
			CreateAndSetChildDomain (1ms)
		EndReloadAssembly (675ms)
			LoadAssemblies (109ms)
			RebuildTransferFunctionScriptingTraits (0ms)
			SetupTypeCache (178ms)
			ReleaseScriptCaches (0ms)
			RebuildScriptCaches (28ms)
			SetupLoadedEditorAssemblies (397ms)
				LogAssemblyErrors (0ms)
				InitializePlatformSupportModulesInManaged (61ms)
				SetLoadedEditorAssemblies (0ms)
				RefreshPlugins (168ms)
				BeforeProcessingInitializeOnLoad (1ms)
				ProcessInitializeOnLoadAttributes (108ms)
				ProcessInitializeOnLoadMethodAttributes (59ms)
				AfterProcessingInitializeOnLoad (0ms)
				EditorAssembliesLoaded (0ms)
			ExecutionOrderSort2 (0ms)
			AwakeInstancesAfterBackupRestoration (0ms)
Platform modules already initialized, skipping
Registering precompiled user dll's ...
Registered in 0.005286 seconds.
Begin MonoManager ReloadAssembly
Native extension for WindowsStandalone target not found
Native extension for Android target not found
Native extension for WebGL target not found
Refreshing native plugins compatible for Editor in 253.21 ms, found 3 plugins.
Preloading 0 native plugins for Editor in 0.00 ms.
Package Manager log level set to [2]
Mono: successfully reloaded assembly
- Completed reload, in  2.121 seconds
Domain Reload Profiling:
	ReloadAssembly (2122ms)
		BeginReloadAssembly (258ms)
			ExecutionOrderSort (0ms)
			DisableScriptedObjects (7ms)
			BackupInstance (0ms)
			ReleaseScriptingObjects (0ms)
			CreateAndSetChildDomain (135ms)
		EndReloadAssembly (1735ms)
			LoadAssemblies (212ms)
			RebuildTransferFunctionScriptingTraits (0ms)
			SetupTypeCache (403ms)
			ReleaseScriptCaches (3ms)
			RebuildScriptCaches (128ms)
			SetupLoadedEditorAssemblies (944ms)
				LogAssemblyErrors (0ms)
				InitializePlatformSupportModulesInManaged (19ms)
				SetLoadedEditorAssemblies (0ms)
				RefreshPlugins (253ms)
				BeforeProcessingInitializeOnLoad (169ms)
				ProcessInitializeOnLoadAttributes (432ms)
				ProcessInitializeOnLoadMethodAttributes (64ms)
				AfterProcessingInitializeOnLoad (7ms)
				EditorAssembliesLoaded (0ms)
			ExecutionOrderSort2 (0ms)
			AwakeInstancesAfterBackupRestoration (5ms)
Platform modules already initialized, skipping
========================================================================
Worker process is ready to serve import requests
Launched and connected shader compiler UnityShaderCompiler.exe after 0.07 seconds
Refreshing native plugins compatible for Editor in 1.56 ms, found 3 plugins.
Preloading 0 native plugins for Editor in 0.00 ms.
Unloading 7262 Unused Serialized files (Serialized files now loaded: 0)
Unloading 75 unused Assets / (4.1 MB). Loaded Objects now: 7726.
Memory consumption went from 357.8 MB to 353.6 MB.
Total: 7.097800 ms (FindLiveObjects: 0.680600 ms CreateObjectMapping: 0.800700 ms MarkObjects: 3.842000 ms  DeleteObjects: 1.773500 ms)

AssetImportParameters requested are different than current active one (requested -> active):
  custom:video-decoder-ogg-theora: a1e56fd34408186e4bbccfd4996cb3dc -> 
  custom:container-muxer-webm: aa71ff27fc2769a1b78a27578f13a17b -> 
  custom:container-demuxer-webm: 4f35f7cbe854078d1ac9338744f61a02 -> 
  custom:video-encoder-webm-vp8: eb34c28f22e8b96e1ab97ce403110664 -> 
  custom:video-codec-MediaFoundation-h265: 746d11721c4dcdbdad8f713fa42b33f4 -> 
  custom:audio-encoder-webm-vorbis: bf7c407c2cedff20999df2af8eb42d56 -> 
  custom:framework-win-MediaFoundation: 216162199b28c13a410421893ffa2e32 -> 
  custom:container-demuxer-ogg: 62fdf1f143b41e24485cea50d1cbac27 -> 
  custom:video-decoder-webm-vp8: 9c59270c3fd7afecdb556c50c9e8de78 -> 
  custom:audio-decoder-ogg-vorbis: bf7c407c2cedff20999df2af8eb42d56 -> 
========================================================================
Received Import Request.
  Time since last request: 96797.486170 seconds.
  path: Assets/Cemetery Kit V1.25/Textures/Fire_1.png
  artifactKey: Guid(6c034f2c11bee234ba4410a04c9bb50e) Importer(815301076,1909f56bfc062723c751e8b465ee728b)
Start importing Assets/Cemetery Kit V1.25/Textures/Fire_1.png using Guid(6c034f2c11bee234ba4410a04c9bb50e) Importer(815301076,1909f56bfc062723c751e8b465ee728b)  -> (artifact id: 'dfaa1ca6fa830cc9037b14bc17b6dace') in 0.132109 seconds 
========================================================================
Received Import Request.
  Time since last request: 85.978752 seconds.
  path: Assets/Cemetery Kit V1.25/FBX/Materials
  artifactKey: Guid(efd13f058cdd9024b8289ec5cffdb8b9) Importer(815301076,1909f56bfc062723c751e8b465ee728b)
Start importing Assets/Cemetery Kit V1.25/FBX/Materials using Guid(efd13f058cdd9024b8289ec5cffdb8b9) Importer(815301076,1909f56bfc062723c751e8b465ee728b)  -> (artifact id: 'f3c9e6df12691a8b23711703289d790b') in 0.006688 seconds 
========================================================================
Received Import Request.
  Time since last request: 37.727689 seconds.
  path: Assets/Samples/High Definition RP/12.1.7/Additional Post-processing Data
  artifactKey: Guid(89b523b65ad4ac449a51e3ce0de9a398) Importer(815301076,1909f56bfc062723c751e8b465ee728b)
Start importing Assets/Samples/High Definition RP/12.1.7/Additional Post-processing Data using Guid(89b523b65ad4ac449a51e3ce0de9a398) Importer(815301076,1909f56bfc062723c751e8b465ee728b)  -> (artifact id: '9de63d8e527128457f3bcf4ec97e8276') in 0.011721 seconds 
========================================================================
Received Import Request.
  Time since last request: 2.655876 seconds.
  path: Assets/Samples/High Definition RP/12.1.7/Procedural Sky
  artifactKey: Guid(b9e73cee05641b24fbe47e659a6e413b) Importer(815301076,1909f56bfc062723c751e8b465ee728b)
Start importing Assets/Samples/High Definition RP/12.1.7/Procedural Sky using Guid(b9e73cee05641b24fbe47e659a6e413b) Importer(815301076,1909f56bfc062723c751e8b465ee728b)  -> (artifact id: '8ebaadd3b84c6fde2c7cc3df7f915696') in 0.006718 seconds 
========================================================================
Received Import Request.
  Time since last request: 4.418182 seconds.
  path: Assets/Samples/High Definition RP/12.1.7/Particle System Shader Samples
  artifactKey: Guid(52fdbc75a41dc1843a19887c8cb3cb06) Importer(815301076,1909f56bfc062723c751e8b465ee728b)
Start importing Assets/Samples/High Definition RP/12.1.7/Particle System Shader Samples using Guid(52fdbc75a41dc1843a19887c8cb3cb06) Importer(815301076,1909f56bfc062723c751e8b465ee728b)  -> (artifact id: '0e3f4e918fa73d02998db07d9445a545') in 0.012591 seconds 
========================================================================
Received Import Request.
  Time since last request: 6.851247 seconds.
  path: Assets/Samples/High Definition RP/12.1.7/Material Samples
  artifactKey: Guid(cf8e12c484e01064da32d65f61098fe4) Importer(815301076,1909f56bfc062723c751e8b465ee728b)
Start importing Assets/Samples/High Definition RP/12.1.7/Material Samples using Guid(cf8e12c484e01064da32d65f61098fe4) Importer(815301076,1909f56bfc062723c751e8b465ee728b)  -> (artifact id: '4cd0cbb24db4c2930e73cd70a6f61bbe') in 0.006966 seconds 
========================================================================
Received Import Request.
  Time since last request: 4.971486 seconds.
  path: Assets/Samples/High Definition RP/12.1.7/Lens Flare Samples
  artifactKey: Guid(b514251888588144aa2376f4b06ebc99) Importer(815301076,1909f56bfc062723c751e8b465ee728b)
Start importing Assets/Samples/High Definition RP/12.1.7/Lens Flare Samples using Guid(b514251888588144aa2376f4b06ebc99) Importer(815301076,1909f56bfc062723c751e8b465ee728b)  -> (artifact id: '6e0c249f5573aeee0f8d52d5ed240b8c') in 0.006771 seconds 
========================================================================
Received Import Request.
  Time since last request: 1.488884 seconds.
  path: Assets/Samples/High Definition RP/12.1.7/Local Volumetric 3D Texture Samples
  artifactKey: Guid(10156be4132b56a46880c5d5b799db3d) Importer(815301076,1909f56bfc062723c751e8b465ee728b)
Start importing Assets/Samples/High Definition RP/12.1.7/Local Volumetric 3D Texture Samples using Guid(10156be4132b56a46880c5d5b799db3d) Importer(815301076,1909f56bfc062723c751e8b465ee728b)  -> (artifact id: 'd874b830b52513cbd0b40c1f127126a8') in 0.029764 seconds 
========================================================================
Received Prepare
Registering precompiled user dll's ...
Registered in 0.005235 seconds.
Begin MonoManager ReloadAssembly
Native extension for WindowsStandalone target not found
Native extension for Android target not found
Native extension for WebGL target not found
Refreshing native plugins compatible for Editor in 1.84 ms, found 3 plugins.
Preloading 0 native plugins for Editor in 0.00 ms.
Mono: successfully reloaded assembly
- Completed reload, in  1.769 seconds
Domain Reload Profiling:
	ReloadAssembly (1770ms)
		BeginReloadAssembly (283ms)
			ExecutionOrderSort (0ms)
			DisableScriptedObjects (7ms)
			BackupInstance (0ms)
			ReleaseScriptingObjects (1ms)
			CreateAndSetChildDomain (83ms)
		EndReloadAssembly (1382ms)
			LoadAssemblies (220ms)
			RebuildTransferFunctionScriptingTraits (0ms)
			SetupTypeCache (421ms)
			ReleaseScriptCaches (4ms)
			RebuildScriptCaches (73ms)
			SetupLoadedEditorAssemblies (619ms)
				LogAssemblyErrors (0ms)
				InitializePlatformSupportModulesInManaged (22ms)
				SetLoadedEditorAssemblies (1ms)
				RefreshPlugins (2ms)
				BeforeProcessingInitializeOnLoad (115ms)
				ProcessInitializeOnLoadAttributes (412ms)
				ProcessInitializeOnLoadMethodAttributes (60ms)
				AfterProcessingInitializeOnLoad (9ms)
				EditorAssembliesLoaded (0ms)
			ExecutionOrderSort2 (0ms)
			AwakeInstancesAfterBackupRestoration (15ms)
Platform modules already initialized, skipping
Refreshing native plugins compatible for Editor in 86.35 ms, found 3 plugins.
Preloading 0 native plugins for Editor in 0.00 ms.
Unloading 6905 Unused Serialized files (Serialized files now loaded: 0)
Unloading 55 unused Assets / (4.2 MB). Loaded Objects now: 7748.
Memory consumption went from 339.1 MB to 334.9 MB.
Total: 9.650800 ms (FindLiveObjects: 0.826400 ms CreateObjectMapping: 1.052400 ms MarkObjects: 5.949100 ms  DeleteObjects: 1.821700 ms)

AssetImportParameters requested are different than current active one (requested -> active):
  custom:video-decoder-ogg-theora: a1e56fd34408186e4bbccfd4996cb3dc -> 
  custom:container-muxer-webm: aa71ff27fc2769a1b78a27578f13a17b -> 
  custom:container-demuxer-webm: 4f35f7cbe854078d1ac9338744f61a02 -> 
  custom:video-encoder-webm-vp8: eb34c28f22e8b96e1ab97ce403110664 -> 
  custom:video-codec-MediaFoundation-h265: 746d11721c4dcdbdad8f713fa42b33f4 -> 
  custom:audio-encoder-webm-vorbis: bf7c407c2cedff20999df2af8eb42d56 -> 
  custom:framework-win-MediaFoundation: 216162199b28c13a410421893ffa2e32 -> 
  custom:container-demuxer-ogg: 62fdf1f143b41e24485cea50d1cbac27 -> 
  custom:video-decoder-webm-vp8: 9c59270c3fd7afecdb556c50c9e8de78 -> 
  custom:audio-decoder-ogg-vorbis: bf7c407c2cedff20999df2af8eb42d56 -> 
========================================================================
Received Import Request.
  Time since last request: 29.557782 seconds.
  path: Assets/Samples/Universal RP/12.1.7/URP Package Samples
  artifactKey: Guid(2dd9b645083251f48bed09798eac3c5b) Importer(815301076,1909f56bfc062723c751e8b465ee728b)
Start importing Assets/Samples/Universal RP/12.1.7/URP Package Samples using Guid(2dd9b645083251f48bed09798eac3c5b) Importer(815301076,1909f56bfc062723c751e8b465ee728b)  -> (artifact id: '07befe00767a7adddce291d95efc0862') in 0.020208 seconds 
========================================================================
Received Prepare
Registering precompiled user dll's ...
Registered in 0.006249 seconds.
Begin MonoManager ReloadAssembly
Native extension for WindowsStandalone target not found
Native extension for Android target not found
Native extension for WebGL target not found
Refreshing native plugins compatible for Editor in 1.83 ms, found 3 plugins.
Preloading 0 native plugins for Editor in 0.00 ms.
Mono: successfully reloaded assembly
- Completed reload, in  1.722 seconds
Domain Reload Profiling:
	ReloadAssembly (1723ms)
		BeginReloadAssembly (218ms)
			ExecutionOrderSort (0ms)
			DisableScriptedObjects (5ms)
			BackupInstance (0ms)
			ReleaseScriptingObjects (0ms)
			CreateAndSetChildDomain (67ms)
		EndReloadAssembly (1371ms)
			LoadAssemblies (213ms)
			RebuildTransferFunctionScriptingTraits (0ms)
			SetupTypeCache (391ms)
			ReleaseScriptCaches (3ms)
			RebuildScriptCaches (92ms)
			SetupLoadedEditorAssemblies (589ms)
				LogAssemblyErrors (0ms)
				InitializePlatformSupportModulesInManaged (20ms)
				SetLoadedEditorAssemblies (0ms)
				RefreshPlugins (2ms)
				BeforeProcessingInitializeOnLoad (117ms)
				ProcessInitializeOnLoadAttributes (392ms)
				ProcessInitializeOnLoadMethodAttributes (50ms)
				AfterProcessingInitializeOnLoad (7ms)
				EditorAssembliesLoaded (0ms)
			ExecutionOrderSort2 (0ms)
			AwakeInstancesAfterBackupRestoration (11ms)
Platform modules already initialized, skipping
Refreshing native plugins compatible for Editor in 2.52 ms, found 3 plugins.
Preloading 0 native plugins for Editor in 0.00 ms.
Unloading 6913 Unused Serialized files (Serialized files now loaded: 0)
Unloading 56 unused Assets / (4.3 MB). Loaded Objects now: 7769.
Memory consumption went from 340.0 MB to 335.8 MB.
Total: 5.803200 ms (FindLiveObjects: 0.587500 ms CreateObjectMapping: 0.547800 ms MarkObjects: 3.628700 ms  DeleteObjects: 1.038200 ms)

AssetImportParameters requested are different than current active one (requested -> active):
  custom:video-decoder-ogg-theora: a1e56fd34408186e4bbccfd4996cb3dc -> 
  custom:container-muxer-webm: aa71ff27fc2769a1b78a27578f13a17b -> 
  custom:container-demuxer-webm: 4f35f7cbe854078d1ac9338744f61a02 -> 
  custom:video-encoder-webm-vp8: eb34c28f22e8b96e1ab97ce403110664 -> 
  custom:video-codec-MediaFoundation-h265: 746d11721c4dcdbdad8f713fa42b33f4 -> 
  custom:audio-encoder-webm-vorbis: bf7c407c2cedff20999df2af8eb42d56 -> 
  custom:framework-win-MediaFoundation: 216162199b28c13a410421893ffa2e32 -> 
  custom:container-demuxer-ogg: 62fdf1f143b41e24485cea50d1cbac27 -> 
  custom:video-decoder-webm-vp8: 9c59270c3fd7afecdb556c50c9e8de78 -> 
  custom:audio-decoder-ogg-vorbis: bf7c407c2cedff20999df2af8eb42d56 -> 
========================================================================
Received Import Request.
  Time since last request: 79.505778 seconds.
  path: Assets/Samples/High Definition RP/12.1.7
  artifactKey: Guid(05d488b8c7a0eb549b6a9b1fdbc87dd9) Importer(815301076,1909f56bfc062723c751e8b465ee728b)
Start importing Assets/Samples/High Definition RP/12.1.7 using Guid(05d488b8c7a0eb549b6a9b1fdbc87dd9) Importer(815301076,1909f56bfc062723c751e8b465ee728b)  -> (artifact id: '0f0d7a74ff2399694b24940f17255444') in 0.064088 seconds 
========================================================================
Received Import Request.
  Time since last request: 11.141135 seconds.
  path: Assets/Horror Assets/Materials
  artifactKey: Guid(ce604017861d06746aa837b02b7569fa) Importer(815301076,1909f56bfc062723c751e8b465ee728b)
Start importing Assets/Horror Assets/Materials using Guid(ce604017861d06746aa837b02b7569fa) Importer(815301076,1909f56bfc062723c751e8b465ee728b)  -> (artifact id: 'b14d90605fb12dba1219ea2511c69f6f') in 0.002908 seconds 
========================================================================
Received Prepare
Refreshing native plugins compatible for Editor in 110.77 ms, found 3 plugins.
Preloading 0 native plugins for Editor in 0.00 ms.
Unloading 35 Unused Serialized files (Serialized files now loaded: 0)
Unloading 402 unused Assets / (1.0 MB). Loaded Objects now: 7402.
Memory consumption went from 189.5 MB to 188.5 MB.
Total: 392.367200 ms (FindLiveObjects: 6.490100 ms CreateObjectMapping: 0.594000 ms MarkObjects: 286.974100 ms  DeleteObjects: 98.307700 ms)

AssetImportParameters requested are different than current active one (requested -> active):
  custom:video-decoder-ogg-theora: a1e56fd34408186e4bbccfd4996cb3dc -> 
  custom:container-muxer-webm: aa71ff27fc2769a1b78a27578f13a17b -> 
  custom:container-demuxer-webm: 4f35f7cbe854078d1ac9338744f61a02 -> 
  custom:srp/default-shader: 00a0da0d000000000000000000000000 -> 0d000000000000000000000000000000
  custom:video-encoder-webm-vp8: eb34c28f22e8b96e1ab97ce403110664 -> 
  custom:video-codec-MediaFoundation-h265: 746d11721c4dcdbdad8f713fa42b33f4 -> 
  custom:audio-encoder-webm-vorbis: bf7c407c2cedff20999df2af8eb42d56 -> 
  custom:framework-win-MediaFoundation: 216162199b28c13a410421893ffa2e32 -> 
  custom:container-demuxer-ogg: 62fdf1f143b41e24485cea50d1cbac27 -> 
  custom:video-decoder-webm-vp8: 9c59270c3fd7afecdb556c50c9e8de78 -> 
  custom:audio-decoder-ogg-vorbis: bf7c407c2cedff20999df2af8eb42d56 -> 
========================================================================
Received Prepare
Refreshing native plugins compatible for Editor in 99.82 ms, found 3 plugins.
Preloading 0 native plugins for Editor in 0.00 ms.
Unloading 421 Unused Serialized files (Serialized files now loaded: 0)
Unloading 222 unused Assets / (4.0 MB). Loaded Objects now: 7601.
Memory consumption went from 205.4 MB to 201.5 MB.
Total: 109.255100 ms (FindLiveObjects: 5.094400 ms CreateObjectMapping: 1.176000 ms MarkObjects: 44.403100 ms  DeleteObjects: 58.577900 ms)

AssetImportParameters requested are different than current active one (requested -> active):
  custom:video-decoder-ogg-theora: a1e56fd34408186e4bbccfd4996cb3dc -> 
  custom:container-muxer-webm: aa71ff27fc2769a1b78a27578f13a17b -> 
  custom:container-demuxer-webm: 4f35f7cbe854078d1ac9338744f61a02 -> 
  custom:video-encoder-webm-vp8: eb34c28f22e8b96e1ab97ce403110664 -> 
  custom:video-codec-MediaFoundation-h265: 746d11721c4dcdbdad8f713fa42b33f4 -> 
  custom:audio-encoder-webm-vorbis: bf7c407c2cedff20999df2af8eb42d56 -> 
  custom:framework-win-MediaFoundation: 216162199b28c13a410421893ffa2e32 -> 
  custom:container-demuxer-ogg: 62fdf1f143b41e24485cea50d1cbac27 -> 
  custom:video-decoder-webm-vp8: 9c59270c3fd7afecdb556c50c9e8de78 -> 
  custom:audio-decoder-ogg-vorbis: bf7c407c2cedff20999df2af8eb42d56 -> 
========================================================================
Received Prepare
Refreshing native plugins compatible for Editor in 103.55 ms, found 3 plugins.
Preloading 0 native plugins for Editor in 0.00 ms.
Unloading 26 Unused Serialized files (Serialized files now loaded: 0)
Unloading 741 unused Assets / (0.5 MB). Loaded Objects now: 6886.
Memory consumption went from 183.8 MB to 183.3 MB.
Total: 223.234500 ms (FindLiveObjects: 14.568200 ms CreateObjectMapping: 1.024700 ms MarkObjects: 102.310200 ms  DeleteObjects: 105.330100 ms)

AssetImportParameters requested are different than current active one (requested -> active):
  custom:video-decoder-ogg-theora: a1e56fd34408186e4bbccfd4996cb3dc -> 
  custom:container-muxer-webm: aa71ff27fc2769a1b78a27578f13a17b -> 
  custom:container-demuxer-webm: 4f35f7cbe854078d1ac9338744f61a02 -> 
  custom:srp/default-shader: 00a0da0d000000000000000000000000 -> 0d000000000000000000000000000000
  custom:video-encoder-webm-vp8: eb34c28f22e8b96e1ab97ce403110664 -> 
  custom:video-codec-MediaFoundation-h265: 746d11721c4dcdbdad8f713fa42b33f4 -> 
  custom:audio-encoder-webm-vorbis: bf7c407c2cedff20999df2af8eb42d56 -> 
  custom:framework-win-MediaFoundation: 216162199b28c13a410421893ffa2e32 -> 
  custom:container-demuxer-ogg: 62fdf1f143b41e24485cea50d1cbac27 -> 
  custom:video-decoder-webm-vp8: 9c59270c3fd7afecdb556c50c9e8de78 -> 
  custom:audio-decoder-ogg-vorbis: bf7c407c2cedff20999df2af8eb42d56 -> 
========================================================================
Received Import Request.
  Time since last request: 723.107272 seconds.
  path: Assets/Samples/Universal RP/12.1.7/URP Package Samples/CameraStacking/3D Skybox/3DSkybox/3DSkyboxProfile.asset
  artifactKey: Guid(e5037333675764c8c851898734300e9f) Importer(815301076,1909f56bfc062723c751e8b465ee728b)
Start importing Assets/Samples/Universal RP/12.1.7/URP Package Samples/CameraStacking/3D Skybox/3DSkybox/3DSkyboxProfile.asset using Guid(e5037333675764c8c851898734300e9f) Importer(815301076,1909f56bfc062723c751e8b465ee728b)  -> (artifact id: '83909e68961b51d79798b2cf85b3624b') in 0.440401 seconds 
========================================================================
Received Import Request.
  Time since last request: 0.000040 seconds.
  path: Assets/Samples/High Definition RP/12.1.7/Lens Flare Samples/SampleScene/VolumeProfiles/Indoor.asset
  artifactKey: Guid(73035aac6ba8da34fb988a2317b4e301) Importer(815301076,1909f56bfc062723c751e8b465ee728b)
Start importing Assets/Samples/High Definition RP/12.1.7/Lens Flare Samples/SampleScene/VolumeProfiles/Indoor.asset using Guid(73035aac6ba8da34fb988a2317b4e301) Importer(815301076,1909f56bfc062723c751e8b465ee728b)  -> (artifact id: 'c04494919ceae491a8c08b8403cfff2c') in 0.014422 seconds 
========================================================================
Received Import Request.
  Time since last request: 0.000032 seconds.
  path: Assets/Samples/Universal RP/12.1.7/URP Package Samples/CameraStacking/SplitScreen/SplitScreen/PostProcessingVolume Profile.asset
  artifactKey: Guid(e10cacc3198ea43f08f0ecfaa0435918) Importer(815301076,1909f56bfc062723c751e8b465ee728b)
Start importing Assets/Samples/Universal RP/12.1.7/URP Package Samples/CameraStacking/SplitScreen/SplitScreen/PostProcessingVolume Profile.asset using Guid(e10cacc3198ea43f08f0ecfaa0435918) Importer(815301076,1909f56bfc062723c751e8b465ee728b)  -> (artifact id: '68bdbf87b8afb98813d6b61e04f9c5eb') in 0.009296 seconds 
========================================================================
Received Import Request.
  Time since last request: 0.000021 seconds.
  path: Assets/HDRPDefaultResources/DefaultLookDevProfile.asset
  artifactKey: Guid(2744fae673970d44088fedd0af9412ae) Importer(815301076,1909f56bfc062723c751e8b465ee728b)
Start importing Assets/HDRPDefaultResources/DefaultLookDevProfile.asset using Guid(2744fae673970d44088fedd0af9412ae) Importer(815301076,1909f56bfc062723c751e8b465ee728b)  -> (artifact id: '53985d11e8177d2d29badf01f7967e5b') in 0.027231 seconds 
========================================================================
Received Import Request.
  Time since last request: 0.000029 seconds.
  path: Assets/Samples/Universal RP/12.1.7/URP Package Samples/SharedAssets/Settings/Global Volume Profile.asset
  artifactKey: Guid(ff8527d309d1d49598d1b259a43975d2) Importer(815301076,1909f56bfc062723c751e8b465ee728b)
Start importing Assets/Samples/Universal RP/12.1.7/URP Package Samples/SharedAssets/Settings/Global Volume Profile.asset using Guid(ff8527d309d1d49598d1b259a43975d2) Importer(815301076,1909f56bfc062723c751e8b465ee728b)  -> (artifact id: 'c622783a2764f7e55cf778fc09551a5e') in 0.009988 seconds 
========================================================================
Received Import Request.
  Time since last request: 0.000037 seconds.
  path: Assets/Samples/High Definition RP/12.1.7/Material Samples/Settings/Materials Samples Rendering Settings.asset
  artifactKey: Guid(bcce1d882ad78594e96df95e83512585) Importer(815301076,1909f56bfc062723c751e8b465ee728b)
Start importing Assets/Samples/High Definition RP/12.1.7/Material Samples/Settings/Materials Samples Rendering Settings.asset using Guid(bcce1d882ad78594e96df95e83512585) Importer(815301076,1909f56bfc062723c751e8b465ee728b)  -> (artifact id: 'cdd20a018c5bb8451e8d4f7da792d7b4') in 0.009841 seconds 
========================================================================
Received Import Request.
  Time since last request: 0.000029 seconds.
  path: Assets/Samples/High Definition RP/12.1.7/Lens Flare Samples/SampleScene/VolumeProfiles/HDRiSky.asset
  artifactKey: Guid(cde6fb4e6605276409f95d2aed878e67) Importer(815301076,1909f56bfc062723c751e8b465ee728b)
Start importing Assets/Samples/High Definition RP/12.1.7/Lens Flare Samples/SampleScene/VolumeProfiles/HDRiSky.asset using Guid(cde6fb4e6605276409f95d2aed878e67) Importer(815301076,1909f56bfc062723c751e8b465ee728b)  -> (artifact id: 'f7f243c3d46191ecea748786042416bc') in 0.040143 seconds 
Editor requested this worker to shutdown with reason: Scaling down because of idle timeout
AssetImportWorker is now disconnected from the server
Process exiting
Exiting without the bug reporter. Application will terminate with return code 0