Using pre-set license
Built from '2021.3/staging' branch; Version is '2021.3.6f1 (7da38d85baf6) revision 8233869'; Using compiler version '192829333'; Build Type 'Release'
OS: 'Windows 11  (10.0.22000) 64bit Core' Language: 'zh' Physical Memory: 7976 MB
BatchMode: 1, IsHumanControllingUs: 0, StartBugReporterOnCrash: 0, Is64bit: 1, IsPro: 1

COMMAND LINE ARGUMENTS:
C:\Program Files\Unity\Hub\Editor\2021.3.6f1\Editor\Unity.exe
-adb2
-batchMode
-noUpm
-name
AssetImportWorker4
-projectPath
E:/Unity procjet/-111-1-Thursday-HorrorGame/111-1-109051061-HorrorGame
-logFile
Logs/AssetImportWorker4.log
-srvPort
4434
Successfully changed project path to: E:/Unity procjet/-111-1-Thursday-HorrorGame/111-1-109051061-HorrorGame
E:/Unity procjet/-111-1-Thursday-HorrorGame/111-1-109051061-HorrorGame
[UnityMemory] Configuration Parameters - Can be set up in boot.config
    "memorysetup-bucket-allocator-granularity=16"
    "memorysetup-bucket-allocator-bucket-count=8"
    "memorysetup-bucket-allocator-block-size=33554432"
    "memorysetup-bucket-allocator-block-count=8"
    "memorysetup-main-allocator-block-size=16777216"
    "memorysetup-thread-allocator-block-size=16777216"
    "memorysetup-gfx-main-allocator-block-size=16777216"
    "memorysetup-gfx-thread-allocator-block-size=16777216"
    "memorysetup-cache-allocator-block-size=4194304"
    "memorysetup-typetree-allocator-block-size=2097152"
    "memorysetup-profiler-bucket-allocator-granularity=16"
    "memorysetup-profiler-bucket-allocator-bucket-count=8"
    "memorysetup-profiler-bucket-allocator-block-size=33554432"
    "memorysetup-profiler-bucket-allocator-block-count=8"
    "memorysetup-profiler-allocator-block-size=16777216"
    "memorysetup-profiler-editor-allocator-block-size=1048576"
    "memorysetup-temp-allocator-size-main=16777216"
    "memorysetup-job-temp-allocator-block-size=2097152"
    "memorysetup-job-temp-allocator-block-size-background=1048576"
    "memorysetup-job-temp-allocator-reduction-small-platforms=262144"
    "memorysetup-temp-allocator-size-background-worker=32768"
    "memorysetup-temp-allocator-size-job-worker=262144"
    "memorysetup-temp-allocator-size-preload-manager=33554432"
    "memorysetup-temp-allocator-size-nav-mesh-worker=65536"
    "memorysetup-temp-allocator-size-audio-worker=65536"
    "memorysetup-temp-allocator-size-cloud-worker=32768"
    "memorysetup-temp-allocator-size-gi-baking-worker=262144"
    "memorysetup-temp-allocator-size-gfx=262144"
Refreshing native plugins compatible for Editor in 108.55 ms, found 3 plugins.
Preloading 0 native plugins for Editor in 0.00 ms.
Initialize engine version: 2021.3.6f1 (7da38d85baf6)
[Subsystems] Discovering subsystems at path C:/Program Files/Unity/Hub/Editor/2021.3.6f1/Editor/Data/Resources/UnitySubsystems
[Subsystems] Discovering subsystems at path E:/Unity procjet/-111-1-Thursday-HorrorGame/111-1-109051061-HorrorGame/Assets
GfxDevice: creating device client; threaded=0; jobified=0
Direct3D:
    Version:  Direct3D 11.0 [level 11.1]
    Renderer: NVIDIA GeForce RTX 2060 (ID=0x1f15)
    Vendor:   NVIDIA
    VRAM:     5980 MB
    Driver:   30.0.15.1278
Initialize mono
Mono path[0] = 'C:/Program Files/Unity/Hub/Editor/2021.3.6f1/Editor/Data/Managed'
Mono path[1] = 'C:/Program Files/Unity/Hub/Editor/2021.3.6f1/Editor/Data/MonoBleedingEdge/lib/mono/unityjit-win32'
Mono config path = 'C:/Program Files/Unity/Hub/Editor/2021.3.6f1/Editor/Data/MonoBleedingEdge/etc'
Using monoOptions --debugger-agent=transport=dt_socket,embedding=1,server=y,suspend=n,address=127.0.0.1:56908
Begin MonoManager ReloadAssembly
Registering precompiled unity dll's ...
Register platform support module: C:/Program Files/Unity/Hub/Editor/2021.3.6f1/Editor/Data/PlaybackEngines/WebGLSupport/UnityEditor.WebGL.Extensions.dll
Register platform support module: C:/Program Files/Unity/Hub/Editor/2021.3.6f1/Editor/Data/PlaybackEngines/AndroidPlayer/UnityEditor.Android.Extensions.dll
Register platform support module: C:/Program Files/Unity/Hub/Editor/2021.3.6f1/Editor/Data/PlaybackEngines/WindowsStandaloneSupport/UnityEditor.WindowsStandalone.Extensions.dll
Registered in 0.006354 seconds.
Native extension for WindowsStandalone target not found
Native extension for Android target not found
Native extension for WebGL target not found
Refreshing native plugins compatible for Editor in 95.92 ms, found 3 plugins.
Preloading 0 native plugins for Editor in 0.00 ms.
Mono: successfully reloaded assembly
- Completed reload, in  0.689 seconds
Domain Reload Profiling:
	ReloadAssembly (690ms)
		BeginReloadAssembly (79ms)
			ExecutionOrderSort (0ms)
			DisableScriptedObjects (0ms)
			BackupInstance (0ms)
			ReleaseScriptingObjects (0ms)
			CreateAndSetChildDomain (1ms)
		EndReloadAssembly (496ms)
			LoadAssemblies (77ms)
			RebuildTransferFunctionScriptingTraits (0ms)
			SetupTypeCache (123ms)
			ReleaseScriptCaches (0ms)
			RebuildScriptCaches (28ms)
			SetupLoadedEditorAssemblies (294ms)
				LogAssemblyErrors (0ms)
				InitializePlatformSupportModulesInManaged (56ms)
				SetLoadedEditorAssemblies (0ms)
				RefreshPlugins (96ms)
				BeforeProcessingInitializeOnLoad (1ms)
				ProcessInitializeOnLoadAttributes (98ms)
				ProcessInitializeOnLoadMethodAttributes (43ms)
				AfterProcessingInitializeOnLoad (0ms)
				EditorAssembliesLoaded (0ms)
			ExecutionOrderSort2 (0ms)
			AwakeInstancesAfterBackupRestoration (0ms)
Platform modules already initialized, skipping
Registering precompiled user dll's ...
Registered in 0.004189 seconds.
Begin MonoManager ReloadAssembly
Symbol file LoadedFromMemory doesn't match image E:\Unity procjet\-111-1-Thursday-HorrorGame\111-1-109051061-HorrorGame\Library\PackageCache\com.unity.visualscripting@1.7.8\Editor\VisualScripting.Core\Dependencies\YamlDotNet\Unity.VisualScripting.YamlDotNet.dll
Symbol file LoadedFromMemory doesn't match image E:\Unity procjet\-111-1-Thursday-HorrorGame\111-1-109051061-HorrorGame\Library\PackageCache\com.unity.visualscripting@1.7.8\Editor\VisualScripting.Core\Dependencies\DotNetZip\Unity.VisualScripting.IonicZip.dll
Native extension for WindowsStandalone target not found
Native extension for Android target not found
Native extension for WebGL target not found
Refreshing native plugins compatible for Editor in 105.48 ms, found 3 plugins.
Preloading 0 native plugins for Editor in 0.00 ms.
Mono: successfully reloaded assembly
- Completed reload, in  1.298 seconds
Domain Reload Profiling:
	ReloadAssembly (1299ms)
		BeginReloadAssembly (210ms)
			ExecutionOrderSort (0ms)
			DisableScriptedObjects (5ms)
			BackupInstance (0ms)
			ReleaseScriptingObjects (0ms)
			CreateAndSetChildDomain (122ms)
		EndReloadAssembly (987ms)
			LoadAssemblies (83ms)
			RebuildTransferFunctionScriptingTraits (0ms)
			SetupTypeCache (265ms)
			ReleaseScriptCaches (1ms)
			RebuildScriptCaches (65ms)
			SetupLoadedEditorAssemblies (530ms)
				LogAssemblyErrors (0ms)
				InitializePlatformSupportModulesInManaged (14ms)
				SetLoadedEditorAssemblies (0ms)
				RefreshPlugins (106ms)
				BeforeProcessingInitializeOnLoad (99ms)
				ProcessInitializeOnLoadAttributes (276ms)
				ProcessInitializeOnLoadMethodAttributes (28ms)
				AfterProcessingInitializeOnLoad (7ms)
				EditorAssembliesLoaded (0ms)
			ExecutionOrderSort2 (0ms)
			AwakeInstancesAfterBackupRestoration (5ms)
Platform modules already initialized, skipping
========================================================================
Worker process is ready to serve import requests
Launched and connected shader compiler UnityShaderCompiler.exe after 0.05 seconds
Refreshing native plugins compatible for Editor in 0.62 ms, found 3 plugins.
Preloading 0 native plugins for Editor in 0.00 ms.
Unloading 3879 Unused Serialized files (Serialized files now loaded: 0)
Unloading 44 unused Assets / (182.1 KB). Loaded Objects now: 4353.
Memory consumption went from 154.1 MB to 153.9 MB.
Total: 3.401000 ms (FindLiveObjects: 0.291600 ms CreateObjectMapping: 0.229300 ms MarkObjects: 2.760000 ms  DeleteObjects: 0.119300 ms)

AssetImportParameters requested are different than current active one (requested -> active):
  custom:video-decoder-ogg-theora: a1e56fd34408186e4bbccfd4996cb3dc -> 
  custom:container-muxer-webm: aa71ff27fc2769a1b78a27578f13a17b -> 
  custom:container-demuxer-webm: 4f35f7cbe854078d1ac9338744f61a02 -> 
  custom:video-encoder-webm-vp8: eb34c28f22e8b96e1ab97ce403110664 -> 
  custom:video-codec-MediaFoundation-h265: 746d11721c4dcdbdad8f713fa42b33f4 -> 
  custom:audio-encoder-webm-vorbis: bf7c407c2cedff20999df2af8eb42d56 -> 
  custom:framework-win-MediaFoundation: 216162199b28c13a410421893ffa2e32 -> 
  custom:container-demuxer-ogg: 62fdf1f143b41e24485cea50d1cbac27 -> 
  custom:video-decoder-webm-vp8: 9c59270c3fd7afecdb556c50c9e8de78 -> 
  custom:audio-decoder-ogg-vorbis: bf7c407c2cedff20999df2af8eb42d56 -> 
========================================================================
Received Import Request.
  Time since last request: 6981.133179 seconds.
  path: Assets/Cemetery Kit V1.25/FBX/Materials/Church Supplies UV.mat
  artifactKey: Guid(7d7645f75b63b904f8c06a0f42bac938) Importer(815301076,1909f56bfc062723c751e8b465ee728b)
Start importing Assets/Cemetery Kit V1.25/FBX/Materials/Church Supplies UV.mat using Guid(7d7645f75b63b904f8c06a0f42bac938) Importer(815301076,1909f56bfc062723c751e8b465ee728b)  -> (artifact id: 'cb3c56fe51ec9b64835caa9e3d5a86db') in 0.139179 seconds 
========================================================================
Received Import Request.
  Time since last request: 20.228886 seconds.
  path: Assets/Cemetery Kit V1.25/FBX/Materials/Grave 1 UV 1.mat
  artifactKey: Guid(923262bd27f06164ba36d01f53ab3902) Importer(815301076,1909f56bfc062723c751e8b465ee728b)
Start importing Assets/Cemetery Kit V1.25/FBX/Materials/Grave 1 UV 1.mat using Guid(923262bd27f06164ba36d01f53ab3902) Importer(815301076,1909f56bfc062723c751e8b465ee728b)  -> (artifact id: 'a536389d3c9b8271f42c76808821b9a1') in 0.072689 seconds 
========================================================================
Received Import Request.
  Time since last request: 15.810468 seconds.
  path: Assets/Cemetery Kit V1.25/FBX/Materials/Grave 1 UV.mat
  artifactKey: Guid(f7ec7feaef5df8b48a98894846b7c617) Importer(815301076,1909f56bfc062723c751e8b465ee728b)
Start importing Assets/Cemetery Kit V1.25/FBX/Materials/Grave 1 UV.mat using Guid(f7ec7feaef5df8b48a98894846b7c617) Importer(815301076,1909f56bfc062723c751e8b465ee728b)  -> (artifact id: '02b56e95f1eee5cb18bd7694774390dc') in 0.051824 seconds 
========================================================================
Received Import Request.
  Time since last request: 0.000040 seconds.
  path: Assets/Cemetery Kit V1.25/FBX/Materials/Grave UV.mat
  artifactKey: Guid(1366c7e628343f847a0eff4e471d2684) Importer(815301076,1909f56bfc062723c751e8b465ee728b)
Start importing Assets/Cemetery Kit V1.25/FBX/Materials/Grave UV.mat using Guid(1366c7e628343f847a0eff4e471d2684) Importer(815301076,1909f56bfc062723c751e8b465ee728b)  -> (artifact id: '9851000b8f3d144ca254df8bdc258201') in 0.041390 seconds 
========================================================================
Received Import Request.
  Time since last request: 0.000042 seconds.
  path: Assets/Cemetery Kit V1.25/FBX/Materials/Small Tomb UV.mat
  artifactKey: Guid(71dd95820b4983645bb9a58289235c08) Importer(815301076,1909f56bfc062723c751e8b465ee728b)
Start importing Assets/Cemetery Kit V1.25/FBX/Materials/Small Tomb UV.mat using Guid(71dd95820b4983645bb9a58289235c08) Importer(815301076,1909f56bfc062723c751e8b465ee728b)  -> (artifact id: '96c5ff59eecdc2886f967d4389340375') in 0.037806 seconds 
========================================================================
Received Import Request.
  Time since last request: 0.000075 seconds.
  path: Assets/Cemetery Kit V1.25/FBX/Materials/Grave Stones UV.mat
  artifactKey: Guid(645617bc6f668714391a1b05b6a9078d) Importer(815301076,1909f56bfc062723c751e8b465ee728b)
Start importing Assets/Cemetery Kit V1.25/FBX/Materials/Grave Stones UV.mat using Guid(645617bc6f668714391a1b05b6a9078d) Importer(815301076,1909f56bfc062723c751e8b465ee728b)  -> (artifact id: '08a1bc71a82aed74e7030c55c8efa3d0') in 0.023049 seconds 
========================================================================
Received Import Request.
  Time since last request: 95.344686 seconds.
  path: Assets/Cemetery Kit V1.25/FBX/Materials/Coffin UV 1_king.mat
  artifactKey: Guid(b3fa86df16b04f34e98d3793f5072086) Importer(815301076,1909f56bfc062723c751e8b465ee728b)
Start importing Assets/Cemetery Kit V1.25/FBX/Materials/Coffin UV 1_king.mat using Guid(b3fa86df16b04f34e98d3793f5072086) Importer(815301076,1909f56bfc062723c751e8b465ee728b)  -> (artifact id: '95789bc2bc15c1cf6ed85abf292da8cc') in 0.022539 seconds 
========================================================================
Received Import Request.
  Time since last request: 5.676744 seconds.
  path: Assets/New Terrain.asset
  artifactKey: Guid(169e11261b1b3a1438feb76cc8eb68c5) Importer(815301076,1909f56bfc062723c751e8b465ee728b)
Start importing Assets/New Terrain.asset using Guid(169e11261b1b3a1438feb76cc8eb68c5) Importer(815301076,1909f56bfc062723c751e8b465ee728b)  -> (artifact id: '3af723990af4e4d174ec8fa0406a4c92') in 0.092129 seconds 
========================================================================
Received Import Request.
  Time since last request: 1.981007 seconds.
  path: Assets/預製物/石牆_短.prefab
  artifactKey: Guid(ab18de7b706cb784883af4f7b113463f) Importer(815301076,1909f56bfc062723c751e8b465ee728b)
Start importing Assets/預製物/石牆_短.prefab using Guid(ab18de7b706cb784883af4f7b113463f) Importer(815301076,1909f56bfc062723c751e8b465ee728b)  -> (artifact id: 'b6ff710bbaceb6fc8634a7f317f9bd9a') in 0.024580 seconds 
========================================================================
Received Import Request.
  Time since last request: 1.238969 seconds.
  path: Assets/預製物/墳墓_十字架.prefab
  artifactKey: Guid(463cb050276da0c409e1a870b1e17be4) Importer(815301076,1909f56bfc062723c751e8b465ee728b)
Start importing Assets/預製物/墳墓_十字架.prefab using Guid(463cb050276da0c409e1a870b1e17be4) Importer(815301076,1909f56bfc062723c751e8b465ee728b)  -> (artifact id: '78a915228d488a54c547a861508ef835') in 0.008952 seconds 
========================================================================
Received Import Request.
  Time since last request: 25.753031 seconds.
  path: Assets/預製物/墳墓_王.prefab
  artifactKey: Guid(9559718e6d509834a83c0190067ec512) Importer(815301076,1909f56bfc062723c751e8b465ee728b)
Start importing Assets/預製物/墳墓_王.prefab using Guid(9559718e6d509834a83c0190067ec512) Importer(815301076,1909f56bfc062723c751e8b465ee728b)  -> (artifact id: 'a02373db65d5f3e5b235b08b0b075967') in 0.019019 seconds 
